0 info it worked if it ends with ok
1 verbose cli [ '/usr/local/Cellar/node/0.10.7/bin/node',
1 verbose cli   '/usr/local/bin/npm',
1 verbose cli   'install',
1 verbose cli   'http-server' ]
2 info using npm@1.2.21
3 info using node@v0.10.7
4 verbose read json /Users/idd/Develop/www/junior20cake/app/package.json
5 verbose read json /Users/idd/Develop/www/junior20cake/app/package.json
6 verbose cache add [ 'http-server', null ]
7 verbose cache add name=undefined spec="http-server" args=["http-server",null]
8 verbose parsed url { protocol: null,
8 verbose parsed url   slashes: null,
8 verbose parsed url   auth: null,
8 verbose parsed url   host: null,
8 verbose parsed url   port: null,
8 verbose parsed url   hostname: null,
8 verbose parsed url   hash: null,
8 verbose parsed url   search: null,
8 verbose parsed url   query: null,
8 verbose parsed url   pathname: 'http-server',
8 verbose parsed url   path: 'http-server',
8 verbose parsed url   href: 'http-server' }
9 silly lockFile ed608307-http-server http-server
10 verbose lock http-server /Users/idd/.npm/ed608307-http-server.lock
11 silly lockFile ed608307-http-server http-server
12 verbose addNamed [ 'http-server', '' ]
13 verbose addNamed [ null, '' ]
14 silly lockFile 550353c6-http-server http-server@
15 verbose lock http-server@ /Users/idd/.npm/550353c6-http-server.lock
16 silly lockFile 550353c6-http-server http-server@
17 error Error: EACCES, open '/Users/idd/.npm/550353c6-http-server.lock'
17 error  { [Error: EACCES, open '/Users/idd/.npm/550353c6-http-server.lock']
17 error   errno: 3,
17 error   code: 'EACCES',
17 error   path: '/Users/idd/.npm/550353c6-http-server.lock' }
18 error Please try running this command again as root/Administrator.
19 error System Darwin 12.3.0
20 error command "/usr/local/Cellar/node/0.10.7/bin/node" "/usr/local/bin/npm" "install" "http-server"
21 error cwd /Users/idd/Develop/www/junior20cake/app
22 error node -v v0.10.7
23 error npm -v 1.2.21
24 error path /Users/idd/.npm/550353c6-http-server.lock
25 error code EACCES
26 error errno 3
27 error stack Error: EACCES, open '/Users/idd/.npm/550353c6-http-server.lock'
28 verbose exit [ 3, true ]
